{"/home/dgarg/Documents/files/backend/server.js": {"path":"/home/dgarg/Documents/files/backend/server.js","statementMap":{"0":{"start":{"line":1,"column":0},"end":{"line":1,"column":27}},"1":{"start":{"line":2,"column":16},"end":{"line":2,"column":34}},"2":{"start":{"line":3,"column":13},"end":{"line":3,"column":28}},"3":{"start":{"line":4,"column":18},"end":{"line":4,"column":40}},"4":{"start":{"line":6,"column":26},"end":{"line":6,"column":50}},"5":{"start":{"line":7,"column":26},"end":{"line":7,"column":50}},"6":{"start":{"line":8,"column":26},"end":{"line":8,"column":58}},"7":{"start":{"line":9,"column":26},"end":{"line":9,"column":55}},"8":{"start":{"line":10,"column":26},"end":{"line":10,"column":51}},"9":{"start":{"line":12,"column":12},"end":{"line":12,"column":21}},"10":{"start":{"line":15,"column":0},"end":{"line":15,"column":12}},"11":{"start":{"line":18,"column":0},"end":{"line":18,"column":16}},"12":{"start":{"line":19,"column":0},"end":{"line":19,"column":24}},"13":{"start":{"line":22,"column":0},"end":{"line":22,"column":41}},"14":{"start":{"line":23,"column":0},"end":{"line":23,"column":40}},"15":{"start":{"line":24,"column":0},"end":{"line":24,"column":48}},"16":{"start":{"line":25,"column":0},"end":{"line":25,"column":45}},"17":{"start":{"line":26,"column":0},"end":{"line":26,"column":42}},"18":{"start":{"line":29,"column":0},"end":{"line":29,"column":73}},"19":{"start":{"line":29,"column":27},"end":{"line":29,"column":71}},"20":{"start":{"line":32,"column":0},"end":{"line":32,"column":76}},"21":{"start":{"line":32,"column":22},"end":{"line":32,"column":74}},"22":{"start":{"line":35,"column":13},"end":{"line":35,"column":37}},"23":{"start":{"line":36,"column":0},"end":{"line":38,"column":1}},"24":{"start":{"line":37,"column":2},"end":{"line":37,"column":72}},"25":{"start":{"line":37,"column":25},"end":{"line":37,"column":70}},"26":{"start":{"line":40,"column":0},"end":{"line":40,"column":21}}},"fnMap":{"0":{"name":"(anonymous_0)","decl":{"start":{"line":29,"column":13},"end":{"line":29,"column":14}},"loc":{"start":{"line":29,"column":27},"end":{"line":29,"column":71}},"line":29},"1":{"name":"(anonymous_1)","decl":{"start":{"line":32,"column":8},"end":{"line":32,"column":9}},"loc":{"start":{"line":32,"column":22},"end":{"line":32,"column":74}},"line":32},"2":{"name":"(anonymous_2)","decl":{"start":{"line":37,"column":19},"end":{"line":37,"column":20}},"loc":{"start":{"line":37,"column":25},"end":{"line":37,"column":70}},"line":37}},"branchMap":{"0":{"loc":{"start":{"line":35,"column":13},"end":{"line":35,"column":37}},"type":"binary-expr","locations":[{"start":{"line":35,"column":13},"end":{"line":35,"column":29}},{"start":{"line":35,"column":33},"end":{"line":35,"column":37}}],"line":35},"1":{"loc":{"start":{"line":36,"column":0},"end":{"line":38,"column":1}},"type":"if","locations":[{"start":{"line":36,"column":0},"end":{"line":38,"column":1}},{"start":{},"end":{}}],"line":36}},"s":{"0":1,"1":1,"2":1,"3":1,"4":1,"5":1,"6":1,"7":1,"8":1,"9":1,"10":1,"11":1,"12":1,"13":1,"14":1,"15":1,"16":1,"17":1,"18":1,"19":1,"20":1,"21":1,"22":1,"23":1,"24":0,"25":0,"26":1},"f":{"0":1,"1":1,"2":0},"b":{"0":[1,1],"1":[0,1]},"_coverageSchema":"1a1c01bbd47fc00a2c39e90264f33305004495a9","hash":"154aa8e502c7d4caad6d2259b9448b01d89e28c8"}
,"/home/dgarg/Documents/files/backend/config/db.js": {"path":"/home/dgarg/Documents/files/backend/config/db.js","statementMap":{"0":{"start":{"line":1,"column":17},"end":{"line":1,"column":36}},"1":{"start":{"line":3,"column":18},"end":{"line":11,"column":1}},"2":{"start":{"line":4,"column":2},"end":{"line":10,"column":3}},"3":{"start":{"line":5,"column":17},"end":{"line":5,"column":62}},"4":{"start":{"line":6,"column":4},"end":{"line":6,"column":62}},"5":{"start":{"line":8,"column":4},"end":{"line":8,"column":64}},"6":{"start":{"line":9,"column":4},"end":{"line":9,"column":20}},"7":{"start":{"line":13,"column":0},"end":{"line":13,"column":27}}},"fnMap":{"0":{"name":"(anonymous_0)","decl":{"start":{"line":3,"column":18},"end":{"line":3,"column":19}},"loc":{"start":{"line":3,"column":30},"end":{"line":11,"column":1}},"line":3}},"branchMap":{},"s":{"0":1,"1":1,"2":1,"3":1,"4":1,"5":0,"6":0,"7":1},"f":{"0":1},"b":{},"_coverageSchema":"1a1c01bbd47fc00a2c39e90264f33305004495a9","hash":"3fe4ad6746218ca40da77d114ff43d063e6d2846"}
,"/home/dgarg/Documents/files/backend/controllers/adminController.js": {"path":"/home/dgarg/Documents/files/backend/controllers/adminController.js","statementMap":{"0":{"start":{"line":1,"column":13},"end":{"line":1,"column":38}},"1":{"start":{"line":2,"column":12},"end":{"line":2,"column":36}},"2":{"start":{"line":3,"column":20},"end":{"line":3,"column":52}},"3":{"start":{"line":7,"column":20},"end":{"line":16,"column":1}},"4":{"start":{"line":8,"column":2},"end":{"line":15,"column":3}},"5":{"start":{"line":9,"column":21},"end":{"line":9,"column":30}},"6":{"start":{"line":10,"column":19},"end":{"line":10,"column":39}},"7":{"start":{"line":11,"column":18},"end":{"line":11,"column":85}},"8":{"start":{"line":12,"column":4},"end":{"line":12,"column":57}},"9":{"start":{"line":14,"column":4},"end":{"line":14,"column":51}},"10":{"start":{"line":20,"column":24},"end":{"line":38,"column":1}},"11":{"start":{"line":21,"column":2},"end":{"line":37,"column":3}},"12":{"start":{"line":22,"column":17},"end":{"line":22,"column":55}},"13":{"start":{"line":23,"column":4},"end":{"line":23,"column":74}},"14":{"start":{"line":23,"column":15},"end":{"line":23,"column":74}},"15":{"start":{"line":24,"column":4},"end":{"line":26,"column":5}},"16":{"start":{"line":25,"column":6},"end":{"line":25,"column":76}},"17":{"start":{"line":28,"column":4},"end":{"line":28,"column":45}},"18":{"start":{"line":29,"column":4},"end":{"line":29,"column":22}},"19":{"start":{"line":31,"column":4},"end":{"line":34,"column":7}},"20":{"start":{"line":36,"column":4},"end":{"line":36,"column":51}},"21":{"start":{"line":42,"column":24},"end":{"line":51,"column":1}},"22":{"start":{"line":43,"column":2},"end":{"line":50,"column":3}},"23":{"start":{"line":44,"column":17},"end":{"line":46,"column":30}},"24":{"start":{"line":47,"column":4},"end":{"line":47,"column":55}},"25":{"start":{"line":49,"column":4},"end":{"line":49,"column":51}},"26":{"start":{"line":55,"column":23},"end":{"line":63,"column":1}},"27":{"start":{"line":56,"column":2},"end":{"line":62,"column":3}},"28":{"start":{"line":57,"column":16},"end":{"line":57,"column":61}},"29":{"start":{"line":58,"column":4},"end":{"line":58,"column":72}},"30":{"start":{"line":58,"column":14},"end":{"line":58,"column":72}},"31":{"start":{"line":59,"column":4},"end":{"line":59,"column":62}},"32":{"start":{"line":61,"column":4},"end":{"line":61,"column":51}},"33":{"start":{"line":67,"column":23},"end":{"line":79,"column":1}},"34":{"start":{"line":68,"column":2},"end":{"line":78,"column":3}},"35":{"start":{"line":69,"column":16},"end":{"line":73,"column":5}},"36":{"start":{"line":74,"column":4},"end":{"line":74,"column":72}},"37":{"start":{"line":74,"column":14},"end":{"line":74,"column":72}},"38":{"start":{"line":75,"column":4},"end":{"line":75,"column":67}},"39":{"start":{"line":77,"column":4},"end":{"line":77,"column":51}},"40":{"start":{"line":83,"column":26},"end":{"line":96,"column":1}},"41":{"start":{"line":84,"column":2},"end":{"line":95,"column":3}},"42":{"start":{"line":85,"column":73},"end":{"line":90,"column":6}},"43":{"start":{"line":92,"column":4},"end":{"line":92,"column":89}},"44":{"start":{"line":94,"column":4},"end":{"line":94,"column":51}},"45":{"start":{"line":98,"column":0},"end":{"line":105,"column":2}}},"fnMap":{"0":{"name":"(anonymous_0)","decl":{"start":{"line":7,"column":20},"end":{"line":7,"column":21}},"loc":{"start":{"line":7,"column":40},"end":{"line":16,"column":1}},"line":7},"1":{"name":"(anonymous_1)","decl":{"start":{"line":20,"column":24},"end":{"line":20,"column":25}},"loc":{"start":{"line":20,"column":44},"end":{"line":38,"column":1}},"line":20},"2":{"name":"(anonymous_2)","decl":{"start":{"line":42,"column":24},"end":{"line":42,"column":25}},"loc":{"start":{"line":42,"column":44},"end":{"line":51,"column":1}},"line":42},"3":{"name":"(anonymous_3)","decl":{"start":{"line":55,"column":23},"end":{"line":55,"column":24}},"loc":{"start":{"line":55,"column":43},"end":{"line":63,"column":1}},"line":55},"4":{"name":"(anonymous_4)","decl":{"start":{"line":67,"column":23},"end":{"line":67,"column":24}},"loc":{"start":{"line":67,"column":43},"end":{"line":79,"column":1}},"line":67},"5":{"name":"(anonymous_5)","decl":{"start":{"line":83,"column":26},"end":{"line":83,"column":27}},"loc":{"start":{"line":83,"column":46},"end":{"line":96,"column":1}},"line":83}},"branchMap":{"0":{"loc":{"start":{"line":10,"column":19},"end":{"line":10,"column":39}},"type":"cond-expr","locations":[{"start":{"line":10,"column":26},"end":{"line":10,"column":34}},{"start":{"line":10,"column":37},"end":{"line":10,"column":39}}],"line":10},"1":{"loc":{"start":{"line":23,"column":4},"end":{"line":23,"column":74}},"type":"if","locations":[{"start":{"line":23,"column":4},"end":{"line":23,"column":74}},{"start":{},"end":{}}],"line":23},"2":{"loc":{"start":{"line":24,"column":4},"end":{"line":26,"column":5}},"type":"if","locations":[{"start":{"line":24,"column":4},"end":{"line":26,"column":5}},{"start":{},"end":{}}],"line":24},"3":{"loc":{"start":{"line":32,"column":23},"end":{"line":32,"column":76}},"type":"cond-expr","locations":[{"start":{"line":32,"column":44},"end":{"line":32,"column":57}},{"start":{"line":32,"column":60},"end":{"line":32,"column":76}}],"line":32},"4":{"loc":{"start":{"line":58,"column":4},"end":{"line":58,"column":72}},"type":"if","locations":[{"start":{"line":58,"column":4},"end":{"line":58,"column":72}},{"start":{},"end":{}}],"line":58},"5":{"loc":{"start":{"line":74,"column":4},"end":{"line":74,"column":72}},"type":"if","locations":[{"start":{"line":74,"column":4},"end":{"line":74,"column":72}},{"start":{},"end":{}}],"line":74}},"s":{"0":1,"1":1,"2":1,"3":1,"4":1,"5":1,"6":1,"7":1,"8":1,"9":0,"10":1,"11":0,"12":0,"13":0,"14":0,"15":0,"16":0,"17":0,"18":0,"19":0,"20":0,"21":1,"22":0,"23":0,"24":0,"25":0,"26":1,"27":0,"28":0,"29":0,"30":0,"31":0,"32":0,"33":1,"34":0,"35":0,"36":0,"37":0,"38":0,"39":0,"40":1,"41":1,"42":1,"43":1,"44":0,"45":1},"f":{"0":1,"1":0,"2":0,"3":0,"4":0,"5":1},"b":{"0":[0,1],"1":[0,0],"2":[0,0],"3":[0,0],"4":[0,0],"5":[0,0]},"_coverageSchema":"1a1c01bbd47fc00a2c39e90264f33305004495a9","hash":"3a527076cf07806da026e2a49363115658c11b88"}
,"/home/dgarg/Documents/files/backend/controllers/applicationController.js": {"path":"/home/dgarg/Documents/files/backend/controllers/applicationController.js","statementMap":{"0":{"start":{"line":1,"column":20},"end":{"line":1,"column":52}},"1":{"start":{"line":2,"column":12},"end":{"line":2,"column":36}},"2":{"start":{"line":3,"column":13},"end":{"line":3,"column":38}},"3":{"start":{"line":7,"column":19},"end":{"line":41,"column":1}},"4":{"start":{"line":8,"column":2},"end":{"line":40,"column":3}},"5":{"start":{"line":9,"column":47},"end":{"line":9,"column":55}},"6":{"start":{"line":10,"column":18},"end":{"line":10,"column":34}},"7":{"start":{"line":13,"column":16},"end":{"line":13,"column":41}},"8":{"start":{"line":14,"column":4},"end":{"line":16,"column":5}},"9":{"start":{"line":15,"column":6},"end":{"line":15,"column":84}},"10":{"start":{"line":19,"column":21},"end":{"line":19,"column":84}},"11":{"start":{"line":20,"column":4},"end":{"line":22,"column":5}},"12":{"start":{"line":21,"column":6},"end":{"line":21,"column":87}},"13":{"start":{"line":25,"column":4},"end":{"line":27,"column":5}},"14":{"start":{"line":26,"column":6},"end":{"line":26,"column":33}},"15":{"start":{"line":29,"column":24},"end":{"line":35,"column":6}},"16":{"start":{"line":37,"column":4},"end":{"line":37,"column":89}},"17":{"start":{"line":39,"column":4},"end":{"line":39,"column":51}},"18":{"start":{"line":45,"column":26},"end":{"line":58,"column":1}},"19":{"start":{"line":46,"column":2},"end":{"line":57,"column":3}},"20":{"start":{"line":47,"column":25},"end":{"line":52,"column":30}},"21":{"start":{"line":54,"column":4},"end":{"line":54,"column":71}},"22":{"start":{"line":56,"column":4},"end":{"line":56,"column":51}},"23":{"start":{"line":62,"column":28},"end":{"line":95,"column":1}},"24":{"start":{"line":63,"column":2},"end":{"line":94,"column":3}},"25":{"start":{"line":64,"column":24},"end":{"line":64,"column":76}},"26":{"start":{"line":66,"column":4},"end":{"line":68,"column":5}},"27":{"start":{"line":67,"column":6},"end":{"line":67,"column":72}},"28":{"start":{"line":69,"column":4},"end":{"line":71,"column":5}},"29":{"start":{"line":70,"column":6},"end":{"line":70,"column":65}},"30":{"start":{"line":72,"column":4},"end":{"line":74,"column":5}},"31":{"start":{"line":73,"column":6},"end":{"line":73,"column":80}},"32":{"start":{"line":77,"column":4},"end":{"line":77,"column":35}},"33":{"start":{"line":78,"column":4},"end":{"line":78,"column":41}},"34":{"start":{"line":79,"column":4},"end":{"line":79,"column":29}},"35":{"start":{"line":82,"column":24},"end":{"line":86,"column":5}},"36":{"start":{"line":88,"column":4},"end":{"line":91,"column":7}},"37":{"start":{"line":93,"column":4},"end":{"line":93,"column":51}},"38":{"start":{"line":99,"column":30},"end":{"line":124,"column":1}},"39":{"start":{"line":100,"column":2},"end":{"line":123,"column":3}},"40":{"start":{"line":101,"column":16},"end":{"line":101,"column":52}},"41":{"start":{"line":102,"column":4},"end":{"line":102,"column":72}},"42":{"start":{"line":102,"column":14},"end":{"line":102,"column":72}},"43":{"start":{"line":105,"column":4},"end":{"line":110,"column":5}},"44":{"start":{"line":109,"column":6},"end":{"line":109,"column":65}},"45":{"start":{"line":112,"column":23},"end":{"line":112,"column":32}},"46":{"start":{"line":113,"column":19},"end":{"line":113,"column":66}},"47":{"start":{"line":114,"column":4},"end":{"line":114,"column":39}},"48":{"start":{"line":114,"column":16},"end":{"line":114,"column":39}},"49":{"start":{"line":116,"column":25},"end":{"line":118,"column":30}},"50":{"start":{"line":120,"column":4},"end":{"line":120,"column":71}},"51":{"start":{"line":122,"column":4},"end":{"line":122,"column":51}},"52":{"start":{"line":128,"column":32},"end":{"line":151,"column":1}},"53":{"start":{"line":129,"column":2},"end":{"line":150,"column":3}},"54":{"start":{"line":130,"column":37},"end":{"line":130,"column":45}},"55":{"start":{"line":132,"column":24},"end":{"line":132,"column":94}},"56":{"start":{"line":133,"column":4},"end":{"line":133,"column":88}},"57":{"start":{"line":133,"column":22},"end":{"line":133,"column":88}},"58":{"start":{"line":136,"column":4},"end":{"line":141,"column":5}},"59":{"start":{"line":140,"column":6},"end":{"line":140,"column":65}},"60":{"start":{"line":143,"column":4},"end":{"line":143,"column":32}},"61":{"start":{"line":144,"column":4},"end":{"line":144,"column":50}},"62":{"start":{"line":145,"column":4},"end":{"line":145,"column":29}},"63":{"start":{"line":147,"column":4},"end":{"line":147,"column":69}},"64":{"start":{"line":149,"column":4},"end":{"line":149,"column":51}},"65":{"start":{"line":153,"column":0},"end":{"line":159,"column":2}}},"fnMap":{"0":{"name":"(anonymous_0)","decl":{"start":{"line":7,"column":19},"end":{"line":7,"column":20}},"loc":{"start":{"line":7,"column":39},"end":{"line":41,"column":1}},"line":7},"1":{"name":"(anonymous_1)","decl":{"start":{"line":45,"column":26},"end":{"line":45,"column":27}},"loc":{"start":{"line":45,"column":46},"end":{"line":58,"column":1}},"line":45},"2":{"name":"(anonymous_2)","decl":{"start":{"line":62,"column":28},"end":{"line":62,"column":29}},"loc":{"start":{"line":62,"column":48},"end":{"line":95,"column":1}},"line":62},"3":{"name":"(anonymous_3)","decl":{"start":{"line":99,"column":30},"end":{"line":99,"column":31}},"loc":{"start":{"line":99,"column":50},"end":{"line":124,"column":1}},"line":99},"4":{"name":"(anonymous_4)","decl":{"start":{"line":128,"column":32},"end":{"line":128,"column":33}},"loc":{"start":{"line":128,"column":52},"end":{"line":151,"column":1}},"line":128}},"branchMap":{"0":{"loc":{"start":{"line":14,"column":4},"end":{"line":16,"column":5}},"type":"if","locations":[{"start":{"line":14,"column":4},"end":{"line":16,"column":5}},{"start":{},"end":{}}],"line":14},"1":{"loc":{"start":{"line":14,"column":8},"end":{"line":14,"column":29}},"type":"binary-expr","locations":[{"start":{"line":14,"column":8},"end":{"line":14,"column":12}},{"start":{"line":14,"column":16},"end":{"line":14,"column":29}}],"line":14},"2":{"loc":{"start":{"line":20,"column":4},"end":{"line":22,"column":5}},"type":"if","locations":[{"start":{"line":20,"column":4},"end":{"line":22,"column":5}},{"start":{},"end":{}}],"line":20},"3":{"loc":{"start":{"line":20,"column":8},"end":{"line":20,"column":41}},"type":"binary-expr","locations":[{"start":{"line":20,"column":8},"end":{"line":20,"column":16}},{"start":{"line":20,"column":20},"end":{"line":20,"column":41}}],"line":20},"4":{"loc":{"start":{"line":25,"column":4},"end":{"line":27,"column":5}},"type":"if","locations":[{"start":{"line":25,"column":4},"end":{"line":27,"column":5}},{"start":{},"end":{}}],"line":25},"5":{"loc":{"start":{"line":25,"column":8},"end":{"line":25,"column":40}},"type":"binary-expr","locations":[{"start":{"line":25,"column":8},"end":{"line":25,"column":16}},{"start":{"line":25,"column":20},"end":{"line":25,"column":40}}],"line":25},"6":{"loc":{"start":{"line":34,"column":21},"end":{"line":34,"column":42}},"type":"binary-expr","locations":[{"start":{"line":34,"column":21},"end":{"line":34,"column":34}},{"start":{"line":34,"column":38},"end":{"line":34,"column":42}}],"line":34},"7":{"loc":{"start":{"line":66,"column":4},"end":{"line":68,"column":5}},"type":"if","locations":[{"start":{"line":66,"column":4},"end":{"line":68,"column":5}},{"start":{},"end":{}}],"line":66},"8":{"loc":{"start":{"line":69,"column":4},"end":{"line":71,"column":5}},"type":"if","locations":[{"start":{"line":69,"column":4},"end":{"line":71,"column":5}},{"start":{},"end":{}}],"line":69},"9":{"loc":{"start":{"line":72,"column":4},"end":{"line":74,"column":5}},"type":"if","locations":[{"start":{"line":72,"column":4},"end":{"line":74,"column":5}},{"start":{},"end":{}}],"line":72},"10":{"loc":{"start":{"line":102,"column":4},"end":{"line":102,"column":72}},"type":"if","locations":[{"start":{"line":102,"column":4},"end":{"line":102,"column":72}},{"start":{},"end":{}}],"line":102},"11":{"loc":{"start":{"line":105,"column":4},"end":{"line":110,"column":5}},"type":"if","locations":[{"start":{"line":105,"column":4},"end":{"line":110,"column":5}},{"start":{},"end":{}}],"line":105},"12":{"loc":{"start":{"line":106,"column":6},"end":{"line":107,"column":60}},"type":"binary-expr","locations":[{"start":{"line":106,"column":6},"end":{"line":106,"column":35}},{"start":{"line":107,"column":6},"end":{"line":107,"column":60}}],"line":106},"13":{"loc":{"start":{"line":114,"column":4},"end":{"line":114,"column":39}},"type":"if","locations":[{"start":{"line":114,"column":4},"end":{"line":114,"column":39}},{"start":{},"end":{}}],"line":114},"14":{"loc":{"start":{"line":133,"column":4},"end":{"line":133,"column":88}},"type":"if","locations":[{"start":{"line":133,"column":4},"end":{"line":133,"column":88}},{"start":{},"end":{}}],"line":133},"15":{"loc":{"start":{"line":136,"column":4},"end":{"line":141,"column":5}},"type":"if","locations":[{"start":{"line":136,"column":4},"end":{"line":141,"column":5}},{"start":{},"end":{}}],"line":136},"16":{"loc":{"start":{"line":137,"column":6},"end":{"line":138,"column":74}},"type":"binary-expr","locations":[{"start":{"line":137,"column":6},"end":{"line":137,"column":35}},{"start":{"line":138,"column":6},"end":{"line":138,"column":74}}],"line":137},"17":{"loc":{"start":{"line":144,"column":31},"end":{"line":144,"column":49}},"type":"binary-expr","locations":[{"start":{"line":144,"column":31},"end":{"line":144,"column":43}},{"start":{"line":144,"column":47},"end":{"line":144,"column":49}}],"line":144}},"s":{"0":1,"1":1,"2":1,"3":1,"4":3,"5":3,"6":3,"7":3,"8":3,"9":1,"10":2,"11":2,"12":1,"13":1,"14":0,"15":1,"16":1,"17":0,"18":1,"19":0,"20":0,"21":0,"22":0,"23":1,"24":1,"25":1,"26":1,"27":0,"28":1,"29":0,"30":1,"31":0,"32":1,"33":1,"34":1,"35":1,"36":1,"37":0,"38":1,"39":0,"40":0,"41":0,"42":0,"43":0,"44":0,"45":0,"46":0,"47":0,"48":0,"49":0,"50":0,"51":0,"52":1,"53":0,"54":0,"55":0,"56":0,"57":0,"58":0,"59":0,"60":0,"61":0,"62":0,"63":0,"64":0,"65":1},"f":{"0":3,"1":0,"2":1,"3":0,"4":0},"b":{"0":[1,2],"1":[3,2],"2":[1,1],"3":[2,1],"4":[0,1],"5":[1,0],"6":[1,1],"7":[0,1],"8":[0,1],"9":[0,1],"10":[0,0],"11":[0,0],"12":[0,0],"13":[0,0],"14":[0,0],"15":[0,0],"16":[0,0],"17":[0,0]},"_coverageSchema":"1a1c01bbd47fc00a2c39e90264f33305004495a9","hash":"1ddd82e60cc8fca7d9b78a368b6490cea77812e0"}
,"/home/dgarg/Documents/files/backend/controllers/authController.js": {"path":"/home/dgarg/Documents/files/backend/controllers/authController.js","statementMap":{"0":{"start":{"line":1,"column":12},"end":{"line":1,"column":35}},"1":{"start":{"line":2,"column":13},"end":{"line":2,"column":38}},"2":{"start":{"line":5,"column":22},"end":{"line":6,"column":63}},"3":{"start":{"line":6,"column":2},"end":{"line":6,"column":63}},"4":{"start":{"line":10,"column":15},"end":{"line":52,"column":1}},"5":{"start":{"line":11,"column":2},"end":{"line":51,"column":3}},"6":{"start":{"line":12,"column":78},"end":{"line":12,"column":86}},"7":{"start":{"line":15,"column":4},"end":{"line":17,"column":5}},"8":{"start":{"line":16,"column":6},"end":{"line":16,"column":86}},"9":{"start":{"line":20,"column":21},"end":{"line":20,"column":50}},"10":{"start":{"line":21,"column":4},"end":{"line":23,"column":5}},"11":{"start":{"line":22,"column":6},"end":{"line":22,"column":88}},"12":{"start":{"line":26,"column":4},"end":{"line":28,"column":5}},"13":{"start":{"line":27,"column":6},"end":{"line":27,"column":90}},"14":{"start":{"line":30,"column":17},"end":{"line":37,"column":6}},"15":{"start":{"line":39,"column":4},"end":{"line":48,"column":7}},"16":{"start":{"line":50,"column":4},"end":{"line":50,"column":51}},"17":{"start":{"line":56,"column":14},"end":{"line":88,"column":1}},"18":{"start":{"line":57,"column":2},"end":{"line":87,"column":3}},"19":{"start":{"line":58,"column":32},"end":{"line":58,"column":40}},"20":{"start":{"line":60,"column":17},"end":{"line":60,"column":46}},"21":{"start":{"line":61,"column":4},"end":{"line":63,"column":5}},"22":{"start":{"line":62,"column":6},"end":{"line":62,"column":76}},"23":{"start":{"line":66,"column":4},"end":{"line":68,"column":5}},"24":{"start":{"line":67,"column":6},"end":{"line":67,"column":100}},"25":{"start":{"line":70,"column":20},"end":{"line":70,"column":54}},"26":{"start":{"line":71,"column":4},"end":{"line":73,"column":5}},"27":{"start":{"line":72,"column":6},"end":{"line":72,"column":76}},"28":{"start":{"line":75,"column":4},"end":{"line":84,"column":7}},"29":{"start":{"line":86,"column":4},"end":{"line":86,"column":51}},"30":{"start":{"line":94,"column":15},"end":{"line":96,"column":1}},"31":{"start":{"line":95,"column":2},"end":{"line":95,"column":90}},"32":{"start":{"line":98,"column":0},"end":{"line":98,"column":43}}},"fnMap":{"0":{"name":"(anonymous_0)","decl":{"start":{"line":5,"column":22},"end":{"line":5,"column":23}},"loc":{"start":{"line":6,"column":2},"end":{"line":6,"column":63}},"line":6},"1":{"name":"(anonymous_1)","decl":{"start":{"line":10,"column":15},"end":{"line":10,"column":16}},"loc":{"start":{"line":10,"column":35},"end":{"line":52,"column":1}},"line":10},"2":{"name":"(anonymous_2)","decl":{"start":{"line":56,"column":14},"end":{"line":56,"column":15}},"loc":{"start":{"line":56,"column":34},"end":{"line":88,"column":1}},"line":56},"3":{"name":"(anonymous_3)","decl":{"start":{"line":94,"column":15},"end":{"line":94,"column":16}},"loc":{"start":{"line":94,"column":29},"end":{"line":96,"column":1}},"line":94}},"branchMap":{"0":{"loc":{"start":{"line":15,"column":4},"end":{"line":17,"column":5}},"type":"if","locations":[{"start":{"line":15,"column":4},"end":{"line":17,"column":5}},{"start":{},"end":{}}],"line":15},"1":{"loc":{"start":{"line":21,"column":4},"end":{"line":23,"column":5}},"type":"if","locations":[{"start":{"line":21,"column":4},"end":{"line":23,"column":5}},{"start":{},"end":{}}],"line":21},"2":{"loc":{"start":{"line":26,"column":4},"end":{"line":28,"column":5}},"type":"if","locations":[{"start":{"line":26,"column":4},"end":{"line":28,"column":5}},{"start":{},"end":{}}],"line":26},"3":{"loc":{"start":{"line":26,"column":8},"end":{"line":26,"column":44}},"type":"binary-expr","locations":[{"start":{"line":26,"column":8},"end":{"line":26,"column":28}},{"start":{"line":26,"column":32},"end":{"line":26,"column":44}}],"line":26},"4":{"loc":{"start":{"line":35,"column":19},"end":{"line":35,"column":60}},"type":"cond-expr","locations":[{"start":{"line":35,"column":42},"end":{"line":35,"column":53}},{"start":{"line":35,"column":56},"end":{"line":35,"column":60}}],"line":35},"5":{"loc":{"start":{"line":36,"column":23},"end":{"line":36,"column":68}},"type":"cond-expr","locations":[{"start":{"line":36,"column":46},"end":{"line":36,"column":61}},{"start":{"line":36,"column":64},"end":{"line":36,"column":68}}],"line":36},"6":{"loc":{"start":{"line":61,"column":4},"end":{"line":63,"column":5}},"type":"if","locations":[{"start":{"line":61,"column":4},"end":{"line":63,"column":5}},{"start":{},"end":{}}],"line":61},"7":{"loc":{"start":{"line":66,"column":4},"end":{"line":68,"column":5}},"type":"if","locations":[{"start":{"line":66,"column":4},"end":{"line":68,"column":5}},{"start":{},"end":{}}],"line":66},"8":{"loc":{"start":{"line":71,"column":4},"end":{"line":73,"column":5}},"type":"if","locations":[{"start":{"line":71,"column":4},"end":{"line":73,"column":5}},{"start":{},"end":{}}],"line":71}},"s":{"0":1,"1":1,"2":1,"3":4,"4":1,"5":2,"6":2,"7":2,"8":0,"9":2,"10":2,"11":0,"12":2,"13":0,"14":2,"15":2,"16":0,"17":1,"18":4,"19":4,"20":4,"21":4,"22":1,"23":3,"24":0,"25":3,"26":3,"27":1,"28":2,"29":0,"30":1,"31":0,"32":1},"f":{"0":4,"1":2,"2":4,"3":0},"b":{"0":[0,2],"1":[0,2],"2":[0,2],"3":[2,1],"4":[1,1],"5":[1,1],"6":[1,3],"7":[0,3],"8":[1,2]},"_coverageSchema":"1a1c01bbd47fc00a2c39e90264f33305004495a9","hash":"84170e3dbc1c95b52b2d06f84f989c3b1a626890"}
,"/home/dgarg/Documents/files/backend/controllers/bookmarkController.js": {"path":"/home/dgarg/Documents/files/backend/controllers/bookmarkController.js","statementMap":{"0":{"start":{"line":1,"column":17},"end":{"line":1,"column":46}},"1":{"start":{"line":2,"column":12},"end":{"line":2,"column":36}},"2":{"start":{"line":6,"column":20},"end":{"line":28,"column":1}},"3":{"start":{"line":7,"column":2},"end":{"line":27,"column":3}},"4":{"start":{"line":8,"column":16},"end":{"line":8,"column":52}},"5":{"start":{"line":9,"column":4},"end":{"line":9,"column":72}},"6":{"start":{"line":9,"column":14},"end":{"line":9,"column":72}},"7":{"start":{"line":11,"column":21},"end":{"line":14,"column":6}},"8":{"start":{"line":15,"column":4},"end":{"line":17,"column":5}},"9":{"start":{"line":16,"column":6},"end":{"line":16,"column":73}},"10":{"start":{"line":19,"column":21},"end":{"line":22,"column":6}},"11":{"start":{"line":24,"column":4},"end":{"line":24,"column":66}},"12":{"start":{"line":26,"column":4},"end":{"line":26,"column":51}},"13":{"start":{"line":32,"column":23},"end":{"line":42,"column":1}},"14":{"start":{"line":33,"column":2},"end":{"line":41,"column":3}},"15":{"start":{"line":34,"column":22},"end":{"line":36,"column":30}},"16":{"start":{"line":38,"column":4},"end":{"line":38,"column":65}},"17":{"start":{"line":40,"column":4},"end":{"line":40,"column":51}},"18":{"start":{"line":46,"column":23},"end":{"line":59,"column":1}},"19":{"start":{"line":47,"column":2},"end":{"line":58,"column":3}},"20":{"start":{"line":48,"column":21},"end":{"line":51,"column":6}},"21":{"start":{"line":53,"column":4},"end":{"line":53,"column":82}},"22":{"start":{"line":53,"column":19},"end":{"line":53,"column":82}},"23":{"start":{"line":55,"column":4},"end":{"line":55,"column":58}},"24":{"start":{"line":57,"column":4},"end":{"line":57,"column":51}},"25":{"start":{"line":61,"column":0},"end":{"line":61,"column":65}}},"fnMap":{"0":{"name":"(anonymous_0)","decl":{"start":{"line":6,"column":20},"end":{"line":6,"column":21}},"loc":{"start":{"line":6,"column":40},"end":{"line":28,"column":1}},"line":6},"1":{"name":"(anonymous_1)","decl":{"start":{"line":32,"column":23},"end":{"line":32,"column":24}},"loc":{"start":{"line":32,"column":43},"end":{"line":42,"column":1}},"line":32},"2":{"name":"(anonymous_2)","decl":{"start":{"line":46,"column":23},"end":{"line":46,"column":24}},"loc":{"start":{"line":46,"column":43},"end":{"line":59,"column":1}},"line":46}},"branchMap":{"0":{"loc":{"start":{"line":9,"column":4},"end":{"line":9,"column":72}},"type":"if","locations":[{"start":{"line":9,"column":4},"end":{"line":9,"column":72}},{"start":{},"end":{}}],"line":9},"1":{"loc":{"start":{"line":15,"column":4},"end":{"line":17,"column":5}},"type":"if","locations":[{"start":{"line":15,"column":4},"end":{"line":17,"column":5}},{"start":{},"end":{}}],"line":15},"2":{"loc":{"start":{"line":53,"column":4},"end":{"line":53,"column":82}},"type":"if","locations":[{"start":{"line":53,"column":4},"end":{"line":53,"column":82}},{"start":{},"end":{}}],"line":53}},"s":{"0":1,"1":1,"2":1,"3":2,"4":2,"5":2,"6":0,"7":2,"8":2,"9":1,"10":1,"11":1,"12":0,"13":1,"14":1,"15":1,"16":1,"17":0,"18":1,"19":1,"20":1,"21":1,"22":0,"23":1,"24":0,"25":1},"f":{"0":2,"1":1,"2":1},"b":{"0":[0,2],"1":[1,1],"2":[0,1]},"_coverageSchema":"1a1c01bbd47fc00a2c39e90264f33305004495a9","hash":"7fb24ffdd67ca9f35c595aacdec6cafd446c9d73"}
,"/home/dgarg/Documents/files/backend/controllers/jobController.js": {"path":"/home/dgarg/Documents/files/backend/controllers/jobController.js","statementMap":{"0":{"start":{"line":1,"column":12},"end":{"line":1,"column":36}},"1":{"start":{"line":5,"column":18},"end":{"line":25,"column":1}},"2":{"start":{"line":6,"column":2},"end":{"line":24,"column":3}},"3":{"start":{"line":7,"column":96},"end":{"line":7,"column":104}},"4":{"start":{"line":9,"column":16},"end":{"line":19,"column":6}},"5":{"start":{"line":21,"column":4},"end":{"line":21,"column":70}},"6":{"start":{"line":23,"column":4},"end":{"line":23,"column":51}},"7":{"start":{"line":30,"column":19},"end":{"line":64,"column":1}},"8":{"start":{"line":31,"column":2},"end":{"line":63,"column":3}},"9":{"start":{"line":32,"column":74},"end":{"line":32,"column":83}},"10":{"start":{"line":34,"column":19},"end":{"line":34,"column":37}},"11":{"start":{"line":36,"column":4},"end":{"line":36,"column":45}},"12":{"start":{"line":36,"column":18},"end":{"line":36,"column":45}},"13":{"start":{"line":37,"column":4},"end":{"line":37,"column":62}},"14":{"start":{"line":37,"column":18},"end":{"line":37,"column":62}},"15":{"start":{"line":38,"column":4},"end":{"line":42,"column":5}},"16":{"start":{"line":39,"column":6},"end":{"line":39,"column":25}},"17":{"start":{"line":40,"column":6},"end":{"line":40,"column":60}},"18":{"start":{"line":40,"column":21},"end":{"line":40,"column":60}},"19":{"start":{"line":41,"column":6},"end":{"line":41,"column":60}},"20":{"start":{"line":41,"column":21},"end":{"line":41,"column":60}},"21":{"start":{"line":45,"column":4},"end":{"line":47,"column":5}},"22":{"start":{"line":46,"column":6},"end":{"line":46,"column":42}},"23":{"start":{"line":49,"column":24},"end":{"line":53,"column":5}},"24":{"start":{"line":54,"column":17},"end":{"line":54,"column":57}},"25":{"start":{"line":56,"column":17},"end":{"line":58,"column":76}},"26":{"start":{"line":60,"column":4},"end":{"line":60,"column":55}},"27":{"start":{"line":62,"column":4},"end":{"line":62,"column":51}},"28":{"start":{"line":68,"column":19},"end":{"line":80,"column":1}},"29":{"start":{"line":69,"column":2},"end":{"line":79,"column":3}},"30":{"start":{"line":70,"column":16},"end":{"line":73,"column":5}},"31":{"start":{"line":74,"column":4},"end":{"line":74,"column":72}},"32":{"start":{"line":74,"column":14},"end":{"line":74,"column":72}},"33":{"start":{"line":76,"column":4},"end":{"line":76,"column":30}},"34":{"start":{"line":78,"column":4},"end":{"line":78,"column":51}},"35":{"start":{"line":84,"column":18},"end":{"line":91,"column":1}},"36":{"start":{"line":85,"column":2},"end":{"line":90,"column":3}},"37":{"start":{"line":86,"column":17},"end":{"line":86,"column":86}},"38":{"start":{"line":87,"column":4},"end":{"line":87,"column":55}},"39":{"start":{"line":89,"column":4},"end":{"line":89,"column":51}},"40":{"start":{"line":95,"column":18},"end":{"line":115,"column":1}},"41":{"start":{"line":96,"column":2},"end":{"line":114,"column":3}},"42":{"start":{"line":97,"column":16},"end":{"line":97,"column":49}},"43":{"start":{"line":98,"column":4},"end":{"line":98,"column":72}},"44":{"start":{"line":98,"column":14},"end":{"line":98,"column":72}},"45":{"start":{"line":101,"column":4},"end":{"line":103,"column":5}},"46":{"start":{"line":102,"column":6},"end":{"line":102,"column":82}},"47":{"start":{"line":105,"column":23},"end":{"line":109,"column":5}},"48":{"start":{"line":111,"column":4},"end":{"line":111,"column":70}},"49":{"start":{"line":113,"column":4},"end":{"line":113,"column":51}},"50":{"start":{"line":119,"column":18},"end":{"line":133,"column":1}},"51":{"start":{"line":120,"column":2},"end":{"line":132,"column":3}},"52":{"start":{"line":121,"column":16},"end":{"line":121,"column":49}},"53":{"start":{"line":122,"column":4},"end":{"line":122,"column":72}},"54":{"start":{"line":122,"column":14},"end":{"line":122,"column":72}},"55":{"start":{"line":124,"column":4},"end":{"line":126,"column":5}},"56":{"start":{"line":125,"column":6},"end":{"line":125,"column":84}},"57":{"start":{"line":128,"column":4},"end":{"line":128,"column":26}},"58":{"start":{"line":129,"column":4},"end":{"line":129,"column":66}},"59":{"start":{"line":131,"column":4},"end":{"line":131,"column":51}},"60":{"start":{"line":135,"column":0},"end":{"line":135,"column":88}}},"fnMap":{"0":{"name":"(anonymous_0)","decl":{"start":{"line":5,"column":18},"end":{"line":5,"column":19}},"loc":{"start":{"line":5,"column":38},"end":{"line":25,"column":1}},"line":5},"1":{"name":"(anonymous_1)","decl":{"start":{"line":30,"column":19},"end":{"line":30,"column":20}},"loc":{"start":{"line":30,"column":39},"end":{"line":64,"column":1}},"line":30},"2":{"name":"(anonymous_2)","decl":{"start":{"line":68,"column":19},"end":{"line":68,"column":20}},"loc":{"start":{"line":68,"column":39},"end":{"line":80,"column":1}},"line":68},"3":{"name":"(anonymous_3)","decl":{"start":{"line":84,"column":18},"end":{"line":84,"column":19}},"loc":{"start":{"line":84,"column":38},"end":{"line":91,"column":1}},"line":84},"4":{"name":"(anonymous_4)","decl":{"start":{"line":95,"column":18},"end":{"line":95,"column":19}},"loc":{"start":{"line":95,"column":38},"end":{"line":115,"column":1}},"line":95},"5":{"name":"(anonymous_5)","decl":{"start":{"line":119,"column":18},"end":{"line":119,"column":19}},"loc":{"start":{"line":119,"column":38},"end":{"line":133,"column":1}},"line":119}},"branchMap":{"0":{"loc":{"start":{"line":17,"column":12},"end":{"line":17,"column":22}},"type":"binary-expr","locations":[{"start":{"line":17,"column":12},"end":{"line":17,"column":16}},{"start":{"line":17,"column":20},"end":{"line":17,"column":22}}],"line":17},"1":{"loc":{"start":{"line":18,"column":20},"end":{"line":18,"column":38}},"type":"binary-expr","locations":[{"start":{"line":18,"column":20},"end":{"line":18,"column":32}},{"start":{"line":18,"column":36},"end":{"line":18,"column":38}}],"line":18},"2":{"loc":{"start":{"line":36,"column":4},"end":{"line":36,"column":45}},"type":"if","locations":[{"start":{"line":36,"column":4},"end":{"line":36,"column":45}},{"start":{},"end":{}}],"line":36},"3":{"loc":{"start":{"line":37,"column":4},"end":{"line":37,"column":62}},"type":"if","locations":[{"start":{"line":37,"column":4},"end":{"line":37,"column":62}},{"start":{},"end":{}}],"line":37},"4":{"loc":{"start":{"line":38,"column":4},"end":{"line":42,"column":5}},"type":"if","locations":[{"start":{"line":38,"column":4},"end":{"line":42,"column":5}},{"start":{},"end":{}}],"line":38},"5":{"loc":{"start":{"line":38,"column":8},"end":{"line":38,"column":30}},"type":"binary-expr","locations":[{"start":{"line":38,"column":8},"end":{"line":38,"column":17}},{"start":{"line":38,"column":21},"end":{"line":38,"column":30}}],"line":38},"6":{"loc":{"start":{"line":40,"column":6},"end":{"line":40,"column":60}},"type":"if","locations":[{"start":{"line":40,"column":6},"end":{"line":40,"column":60}},{"start":{},"end":{}}],"line":40},"7":{"loc":{"start":{"line":41,"column":6},"end":{"line":41,"column":60}},"type":"if","locations":[{"start":{"line":41,"column":6},"end":{"line":41,"column":60}},{"start":{},"end":{}}],"line":41},"8":{"loc":{"start":{"line":45,"column":4},"end":{"line":47,"column":5}},"type":"if","locations":[{"start":{"line":45,"column":4},"end":{"line":47,"column":5}},{"start":{},"end":{}}],"line":45},"9":{"loc":{"start":{"line":54,"column":17},"end":{"line":54,"column":57}},"type":"binary-expr","locations":[{"start":{"line":54,"column":17},"end":{"line":54,"column":36}},{"start":{"line":54,"column":40},"end":{"line":54,"column":57}}],"line":54},"10":{"loc":{"start":{"line":74,"column":4},"end":{"line":74,"column":72}},"type":"if","locations":[{"start":{"line":74,"column":4},"end":{"line":74,"column":72}},{"start":{},"end":{}}],"line":74},"11":{"loc":{"start":{"line":98,"column":4},"end":{"line":98,"column":72}},"type":"if","locations":[{"start":{"line":98,"column":4},"end":{"line":98,"column":72}},{"start":{},"end":{}}],"line":98},"12":{"loc":{"start":{"line":101,"column":4},"end":{"line":103,"column":5}},"type":"if","locations":[{"start":{"line":101,"column":4},"end":{"line":103,"column":5}},{"start":{},"end":{}}],"line":101},"13":{"loc":{"start":{"line":101,"column":8},"end":{"line":101,"column":95}},"type":"binary-expr","locations":[{"start":{"line":101,"column":8},"end":{"line":101,"column":37}},{"start":{"line":101,"column":41},"end":{"line":101,"column":95}}],"line":101},"14":{"loc":{"start":{"line":122,"column":4},"end":{"line":122,"column":72}},"type":"if","locations":[{"start":{"line":122,"column":4},"end":{"line":122,"column":72}},{"start":{},"end":{}}],"line":122},"15":{"loc":{"start":{"line":124,"column":4},"end":{"line":126,"column":5}},"type":"if","locations":[{"start":{"line":124,"column":4},"end":{"line":126,"column":5}},{"start":{},"end":{}}],"line":124},"16":{"loc":{"start":{"line":124,"column":8},"end":{"line":124,"column":95}},"type":"binary-expr","locations":[{"start":{"line":124,"column":8},"end":{"line":124,"column":37}},{"start":{"line":124,"column":41},"end":{"line":124,"column":95}}],"line":124}},"s":{"0":1,"1":1,"2":2,"3":2,"4":2,"5":1,"6":1,"7":1,"8":3,"9":3,"10":3,"11":3,"12":1,"13":3,"14":0,"15":3,"16":1,"17":1,"18":1,"19":1,"20":1,"21":3,"22":0,"23":3,"24":3,"25":3,"26":2,"27":1,"28":1,"29":3,"30":3,"31":1,"32":0,"33":1,"34":2,"35":1,"36":0,"37":0,"38":0,"39":0,"40":1,"41":0,"42":0,"43":0,"44":0,"45":0,"46":0,"47":0,"48":0,"49":0,"50":1,"51":0,"52":0,"53":0,"54":0,"55":0,"56":0,"57":0,"58":0,"59":0,"60":1},"f":{"0":2,"1":3,"2":3,"3":0,"4":0,"5":0},"b":{"0":[2,2],"1":[2,2],"2":[1,2],"3":[0,3],"4":[1,2],"5":[3,2],"6":[1,0],"7":[1,0],"8":[0,3],"9":[3,3],"10":[0,1],"11":[0,0],"12":[0,0],"13":[0,0],"14":[0,0],"15":[0,0],"16":[0,0]},"_coverageSchema":"1a1c01bbd47fc00a2c39e90264f33305004495a9","hash":"383ee23e0f1fc82547978cb7c7e3a53b4bab695c"}
,"/home/dgarg/Documents/files/backend/middleware/auth.js": {"path":"/home/dgarg/Documents/files/backend/middleware/auth.js","statementMap":{"0":{"start":{"line":1,"column":12},"end":{"line":1,"column":35}},"1":{"start":{"line":2,"column":13},"end":{"line":2,"column":38}},"2":{"start":{"line":5,"column":16},"end":{"line":31,"column":1}},"3":{"start":{"line":6,"column":21},"end":{"line":6,"column":46}},"4":{"start":{"line":8,"column":2},"end":{"line":10,"column":3}},"5":{"start":{"line":9,"column":4},"end":{"line":9,"column":73}},"6":{"start":{"line":12,"column":2},"end":{"line":30,"column":3}},"7":{"start":{"line":13,"column":18},"end":{"line":13,"column":42}},"8":{"start":{"line":14,"column":20},"end":{"line":14,"column":61}},"9":{"start":{"line":16,"column":17},"end":{"line":16,"column":68}},"10":{"start":{"line":17,"column":4},"end":{"line":19,"column":5}},"11":{"start":{"line":18,"column":6},"end":{"line":18,"column":65}},"12":{"start":{"line":22,"column":4},"end":{"line":24,"column":5}},"13":{"start":{"line":23,"column":6},"end":{"line":23,"column":100}},"14":{"start":{"line":26,"column":4},"end":{"line":26,"column":20}},"15":{"start":{"line":27,"column":4},"end":{"line":27,"column":11}},"16":{"start":{"line":29,"column":4},"end":{"line":29,"column":73}},"17":{"start":{"line":35,"column":23},"end":{"line":44,"column":1}},"18":{"start":{"line":36,"column":2},"end":{"line":43,"column":4}},"19":{"start":{"line":37,"column":4},"end":{"line":41,"column":5}},"20":{"start":{"line":38,"column":6},"end":{"line":40,"column":9}},"21":{"start":{"line":42,"column":4},"end":{"line":42,"column":11}},"22":{"start":{"line":46,"column":0},"end":{"line":46,"column":45}}},"fnMap":{"0":{"name":"(anonymous_0)","decl":{"start":{"line":5,"column":16},"end":{"line":5,"column":17}},"loc":{"start":{"line":5,"column":42},"end":{"line":31,"column":1}},"line":5},"1":{"name":"(anonymous_1)","decl":{"start":{"line":35,"column":23},"end":{"line":35,"column":24}},"loc":{"start":{"line":35,"column":37},"end":{"line":44,"column":1}},"line":35},"2":{"name":"(anonymous_2)","decl":{"start":{"line":36,"column":9},"end":{"line":36,"column":10}},"loc":{"start":{"line":36,"column":29},"end":{"line":43,"column":3}},"line":36}},"branchMap":{"0":{"loc":{"start":{"line":8,"column":2},"end":{"line":10,"column":3}},"type":"if","locations":[{"start":{"line":8,"column":2},"end":{"line":10,"column":3}},{"start":{},"end":{}}],"line":8},"1":{"loc":{"start":{"line":8,"column":6},"end":{"line":8,"column":54}},"type":"binary-expr","locations":[{"start":{"line":8,"column":6},"end":{"line":8,"column":17}},{"start":{"line":8,"column":21},"end":{"line":8,"column":54}}],"line":8},"2":{"loc":{"start":{"line":17,"column":4},"end":{"line":19,"column":5}},"type":"if","locations":[{"start":{"line":17,"column":4},"end":{"line":19,"column":5}},{"start":{},"end":{}}],"line":17},"3":{"loc":{"start":{"line":22,"column":4},"end":{"line":24,"column":5}},"type":"if","locations":[{"start":{"line":22,"column":4},"end":{"line":24,"column":5}},{"start":{},"end":{}}],"line":22},"4":{"loc":{"start":{"line":37,"column":4},"end":{"line":41,"column":5}},"type":"if","locations":[{"start":{"line":37,"column":4},"end":{"line":41,"column":5}},{"start":{},"end":{}}],"line":37}},"s":{"0":1,"1":1,"2":1,"3":17,"4":17,"5":2,"6":15,"7":15,"8":15,"9":15,"10":15,"11":0,"12":15,"13":0,"14":15,"15":15,"16":0,"17":1,"18":13,"19":15,"20":3,"21":12,"22":1},"f":{"0":17,"1":13,"2":15},"b":{"0":[2,15],"1":[17,15],"2":[0,15],"3":[0,15],"4":[3,12]},"_coverageSchema":"1a1c01bbd47fc00a2c39e90264f33305004495a9","hash":"a4b38b4382a2d7027cf4f1c16d64922b50c4a71c"}
,"/home/dgarg/Documents/files/backend/models/Application.js": {"path":"/home/dgarg/Documents/files/backend/models/Application.js","statementMap":{"0":{"start":{"line":1,"column":17},"end":{"line":1,"column":36}},"1":{"start":{"line":3,"column":26},"end":{"line":48,"column":1}},"2":{"start":{"line":51,"column":0},"end":{"line":51,"column":44}},"3":{"start":{"line":52,"column":0},"end":{"line":52,"column":38}},"4":{"start":{"line":53,"column":0},"end":{"line":53,"column":49}},"5":{"start":{"line":54,"column":0},"end":{"line":57,"column":2}},"6":{"start":{"line":59,"column":0},"end":{"line":59,"column":66}}},"fnMap":{},"branchMap":{},"s":{"0":1,"1":1,"2":1,"3":1,"4":1,"5":1,"6":1},"f":{},"b":{},"_coverageSchema":"1a1c01bbd47fc00a2c39e90264f33305004495a9","hash":"b0ff74429778291feee98d3403a6e45b9c9b2acf"}
,"/home/dgarg/Documents/files/backend/models/Bookmark.js": {"path":"/home/dgarg/Documents/files/backend/models/Bookmark.js","statementMap":{"0":{"start":{"line":1,"column":17},"end":{"line":1,"column":36}},"1":{"start":{"line":3,"column":23},"end":{"line":17,"column":1}},"2":{"start":{"line":20,"column":0},"end":{"line":20,"column":41}},"3":{"start":{"line":21,"column":0},"end":{"line":24,"column":2}},"4":{"start":{"line":26,"column":0},"end":{"line":26,"column":60}}},"fnMap":{},"branchMap":{},"s":{"0":1,"1":1,"2":1,"3":1,"4":1},"f":{},"b":{},"_coverageSchema":"1a1c01bbd47fc00a2c39e90264f33305004495a9","hash":"2e2f4d3b0516fb901f724c7ab6ae065bc383a8b9"}
,"/home/dgarg/Documents/files/backend/models/Job.js": {"path":"/home/dgarg/Documents/files/backend/models/Job.js","statementMap":{"0":{"start":{"line":1,"column":17},"end":{"line":1,"column":36}},"1":{"start":{"line":3,"column":26},"end":{"line":14,"column":1}},"2":{"start":{"line":16,"column":18},"end":{"line":66,"column":1}},"3":{"start":{"line":69,"column":0},"end":{"line":69,"column":33}},"4":{"start":{"line":70,"column":0},"end":{"line":70,"column":31}},"5":{"start":{"line":71,"column":0},"end":{"line":71,"column":33}},"6":{"start":{"line":72,"column":0},"end":{"line":72,"column":36}},"7":{"start":{"line":73,"column":0},"end":{"line":73,"column":29}},"8":{"start":{"line":74,"column":0},"end":{"line":74,"column":33}},"9":{"start":{"line":75,"column":0},"end":{"line":75,"column":45}},"10":{"start":{"line":76,"column":0},"end":{"line":79,"column":2}},"11":{"start":{"line":81,"column":0},"end":{"line":81,"column":50}}},"fnMap":{},"branchMap":{},"s":{"0":1,"1":1,"2":1,"3":1,"4":1,"5":1,"6":1,"7":1,"8":1,"9":1,"10":1,"11":1},"f":{},"b":{},"_coverageSchema":"1a1c01bbd47fc00a2c39e90264f33305004495a9","hash":"0594e2dbda93ff5215d046cec5a980483d61daa6"}
,"/home/dgarg/Documents/files/backend/models/User.js": {"path":"/home/dgarg/Documents/files/backend/models/User.js","statementMap":{"0":{"start":{"line":1,"column":17},"end":{"line":1,"column":36}},"1":{"start":{"line":2,"column":15},"end":{"line":2,"column":34}},"2":{"start":{"line":4,"column":19},"end":{"line":40,"column":1}},"3":{"start":{"line":43,"column":0},"end":{"line":43,"column":49}},"4":{"start":{"line":44,"column":0},"end":{"line":44,"column":30}},"5":{"start":{"line":45,"column":0},"end":{"line":45,"column":48}},"6":{"start":{"line":48,"column":0},"end":{"line":53,"column":3}},"7":{"start":{"line":49,"column":2},"end":{"line":49,"column":50}},"8":{"start":{"line":49,"column":36},"end":{"line":49,"column":50}},"9":{"start":{"line":50,"column":15},"end":{"line":50,"column":39}},"10":{"start":{"line":51,"column":2},"end":{"line":51,"column":57}},"11":{"start":{"line":52,"column":2},"end":{"line":52,"column":9}},"12":{"start":{"line":56,"column":0},"end":{"line":58,"column":2}},"13":{"start":{"line":57,"column":2},"end":{"line":57,"column":62}},"14":{"start":{"line":60,"column":0},"end":{"line":60,"column":52}}},"fnMap":{"0":{"name":"(anonymous_0)","decl":{"start":{"line":48,"column":23},"end":{"line":48,"column":24}},"loc":{"start":{"line":48,"column":45},"end":{"line":53,"column":1}},"line":48},"1":{"name":"(anonymous_1)","decl":{"start":{"line":56,"column":35},"end":{"line":56,"column":36}},"loc":{"start":{"line":56,"column":68},"end":{"line":58,"column":1}},"line":56}},"branchMap":{"0":{"loc":{"start":{"line":49,"column":2},"end":{"line":49,"column":50}},"type":"if","locations":[{"start":{"line":49,"column":2},"end":{"line":49,"column":50}},{"start":{},"end":{}}],"line":49}},"s":{"0":1,"1":1,"2":1,"3":1,"4":1,"5":1,"6":1,"7":2,"8":0,"9":2,"10":2,"11":2,"12":1,"13":3,"14":1},"f":{"0":2,"1":3},"b":{"0":[0,2]},"_coverageSchema":"1a1c01bbd47fc00a2c39e90264f33305004495a9","hash":"06e46a674157e7513552eca5c91ccbd174993764"}
,"/home/dgarg/Documents/files/backend/routes/admin.js": {"path":"/home/dgarg/Documents/files/backend/routes/admin.js","statementMap":{"0":{"start":{"line":1,"column":16},"end":{"line":1,"column":34}},"1":{"start":{"line":2,"column":15},"end":{"line":2,"column":31}},"2":{"start":{"line":10,"column":4},"end":{"line":10,"column":45}},"3":{"start":{"line":11,"column":36},"end":{"line":11,"column":65}},"4":{"start":{"line":13,"column":18},"end":{"line":13,"column":52}},"5":{"start":{"line":15,"column":0},"end":{"line":15,"column":54}},"6":{"start":{"line":16,"column":0},"end":{"line":16,"column":48}},"7":{"start":{"line":17,"column":0},"end":{"line":17,"column":70}},"8":{"start":{"line":18,"column":0},"end":{"line":18,"column":51}},"9":{"start":{"line":19,"column":0},"end":{"line":19,"column":57}},"10":{"start":{"line":20,"column":0},"end":{"line":20,"column":60}},"11":{"start":{"line":22,"column":0},"end":{"line":22,"column":24}}},"fnMap":{},"branchMap":{},"s":{"0":1,"1":1,"2":1,"3":1,"4":1,"5":1,"6":1,"7":1,"8":1,"9":1,"10":1,"11":1},"f":{},"b":{},"_coverageSchema":"1a1c01bbd47fc00a2c39e90264f33305004495a9","hash":"9ce3f038d49d2eab376b5c90bc60ac354627a333"}
,"/home/dgarg/Documents/files/backend/routes/applications.js": {"path":"/home/dgarg/Documents/files/backend/routes/applications.js","statementMap":{"0":{"start":{"line":1,"column":16},"end":{"line":1,"column":34}},"1":{"start":{"line":2,"column":15},"end":{"line":2,"column":31}},"2":{"start":{"line":9,"column":4},"end":{"line":9,"column":51}},"3":{"start":{"line":10,"column":36},"end":{"line":10,"column":65}},"4":{"start":{"line":13,"column":0},"end":{"line":13,"column":73}},"5":{"start":{"line":14,"column":0},"end":{"line":14,"column":88}},"6":{"start":{"line":15,"column":0},"end":{"line":15,"column":101}},"7":{"start":{"line":18,"column":0},"end":{"line":18,"column":96}},"8":{"start":{"line":19,"column":0},"end":{"line":19,"column":109}},"9":{"start":{"line":21,"column":0},"end":{"line":21,"column":24}}},"fnMap":{},"branchMap":{},"s":{"0":1,"1":1,"2":1,"3":1,"4":1,"5":1,"6":1,"7":1,"8":1,"9":1},"f":{},"b":{},"_coverageSchema":"1a1c01bbd47fc00a2c39e90264f33305004495a9","hash":"a6cd7f91805790b095fbb5b48275e94526d5b5ed"}
,"/home/dgarg/Documents/files/backend/routes/auth.js": {"path":"/home/dgarg/Documents/files/backend/routes/auth.js","statementMap":{"0":{"start":{"line":1,"column":16},"end":{"line":1,"column":34}},"1":{"start":{"line":2,"column":15},"end":{"line":2,"column":31}},"2":{"start":{"line":3,"column":34},"end":{"line":3,"column":74}},"3":{"start":{"line":4,"column":20},"end":{"line":4,"column":49}},"4":{"start":{"line":6,"column":0},"end":{"line":6,"column":31}},"5":{"start":{"line":7,"column":0},"end":{"line":7,"column":29}},"6":{"start":{"line":8,"column":0},"end":{"line":8,"column":40}},"7":{"start":{"line":10,"column":0},"end":{"line":10,"column":24}}},"fnMap":{},"branchMap":{},"s":{"0":1,"1":1,"2":1,"3":1,"4":1,"5":1,"6":1,"7":1},"f":{},"b":{},"_coverageSchema":"1a1c01bbd47fc00a2c39e90264f33305004495a9","hash":"9eb284372dbd5e2741bb60b3958ba8001a7043b0"}
,"/home/dgarg/Documents/files/backend/routes/bookmarks.js": {"path":"/home/dgarg/Documents/files/backend/routes/bookmarks.js","statementMap":{"0":{"start":{"line":1,"column":16},"end":{"line":1,"column":34}},"1":{"start":{"line":2,"column":15},"end":{"line":2,"column":31}},"2":{"start":{"line":3,"column":56},"end":{"line":3,"column":100}},"3":{"start":{"line":4,"column":36},"end":{"line":4,"column":65}},"4":{"start":{"line":6,"column":0},"end":{"line":6,"column":74}},"5":{"start":{"line":7,"column":0},"end":{"line":7,"column":70}},"6":{"start":{"line":8,"column":0},"end":{"line":8,"column":79}},"7":{"start":{"line":10,"column":0},"end":{"line":10,"column":24}}},"fnMap":{},"branchMap":{},"s":{"0":1,"1":1,"2":1,"3":1,"4":1,"5":1,"6":1,"7":1},"f":{},"b":{},"_coverageSchema":"1a1c01bbd47fc00a2c39e90264f33305004495a9","hash":"48076c103bddcb76dd1145eb72a525d212abd5a6"}
,"/home/dgarg/Documents/files/backend/routes/jobs.js": {"path":"/home/dgarg/Documents/files/backend/routes/jobs.js","statementMap":{"0":{"start":{"line":1,"column":16},"end":{"line":1,"column":34}},"1":{"start":{"line":2,"column":15},"end":{"line":2,"column":31}},"2":{"start":{"line":10,"column":4},"end":{"line":10,"column":43}},"3":{"start":{"line":11,"column":36},"end":{"line":11,"column":65}},"4":{"start":{"line":14,"column":0},"end":{"line":14,"column":28}},"5":{"start":{"line":15,"column":0},"end":{"line":15,"column":31}},"6":{"start":{"line":18,"column":0},"end":{"line":18,"column":66}},"7":{"start":{"line":19,"column":0},"end":{"line":19,"column":82}},"8":{"start":{"line":20,"column":0},"end":{"line":20,"column":77}},"9":{"start":{"line":21,"column":0},"end":{"line":21,"column":80}},"10":{"start":{"line":23,"column":0},"end":{"line":23,"column":24}}},"fnMap":{},"branchMap":{},"s":{"0":1,"1":1,"2":1,"3":1,"4":1,"5":1,"6":1,"7":1,"8":1,"9":1,"10":1},"f":{},"b":{},"_coverageSchema":"1a1c01bbd47fc00a2c39e90264f33305004495a9","hash":"c29ba08f95f22197299a4aab56b28ee2a6e114da"}
}
