TN:
SF:server.js
FN:29,(anonymous_0)
FN:32,(anonymous_1)
FN:37,(anonymous_2)
FNF:3
FNH:2
FNDA:1,(anonymous_0)
FNDA:1,(anonymous_1)
FNDA:0,(anonymous_2)
DA:1,1
DA:2,1
DA:3,1
DA:4,1
DA:6,1
DA:7,1
DA:8,1
DA:9,1
DA:10,1
DA:12,1
DA:15,1
DA:18,1
DA:19,1
DA:22,1
DA:23,1
DA:24,1
DA:25,1
DA:26,1
DA:29,1
DA:32,1
DA:35,1
DA:36,1
DA:37,0
DA:40,1
LF:24
LH:23
BRDA:35,0,0,1
BRDA:35,0,1,1
BRDA:36,1,0,0
BRDA:36,1,1,1
BRF:4
BRH:3
end_of_record
TN:
SF:config/db.js
FN:3,(anonymous_0)
FNF:1
FNH:1
FNDA:1,(anonymous_0)
DA:1,1
DA:3,1
DA:4,1
DA:5,1
DA:6,1
DA:8,0
DA:9,0
DA:13,1
LF:8
LH:6
BRF:0
BRH:0
end_of_record
TN:
SF:controllers/adminController.js
FN:7,(anonymous_0)
FN:20,(anonymous_1)
FN:42,(anonymous_2)
FN:55,(anonymous_3)
FN:67,(anonymous_4)
FN:83,(anonymous_5)
FNF:6
FNH:2
FNDA:1,(anonymous_0)
FNDA:0,(anonymous_1)
FNDA:0,(anonymous_2)
FNDA:0,(anonymous_3)
FNDA:0,(anonymous_4)
FNDA:1,(anonymous_5)
DA:1,1
DA:2,1
DA:3,1
DA:7,1
DA:8,1
DA:9,1
DA:10,1
DA:11,1
DA:12,1
DA:14,0
DA:20,1
DA:21,0
DA:22,0
DA:23,0
DA:24,0
DA:25,0
DA:28,0
DA:29,0
DA:31,0
DA:36,0
DA:42,1
DA:43,0
DA:44,0
DA:47,0
DA:49,0
DA:55,1
DA:56,0
DA:57,0
DA:58,0
DA:59,0
DA:61,0
DA:67,1
DA:68,0
DA:69,0
DA:74,0
DA:75,0
DA:77,0
DA:83,1
DA:84,1
DA:85,1
DA:92,1
DA:94,0
DA:98,1
LF:43
LH:18
BRDA:10,0,0,0
BRDA:10,0,1,1
BRDA:23,1,0,0
BRDA:23,1,1,0
BRDA:24,2,0,0
BRDA:24,2,1,0
BRDA:32,3,0,0
BRDA:32,3,1,0
BRDA:58,4,0,0
BRDA:58,4,1,0
BRDA:74,5,0,0
BRDA:74,5,1,0
BRF:12
BRH:1
end_of_record
TN:
SF:controllers/applicationController.js
FN:7,(anonymous_0)
FN:45,(anonymous_1)
FN:62,(anonymous_2)
FN:99,(anonymous_3)
FN:128,(anonymous_4)
FNF:5
FNH:2
FNDA:3,(anonymous_0)
FNDA:0,(anonymous_1)
FNDA:1,(anonymous_2)
FNDA:0,(anonymous_3)
FNDA:0,(anonymous_4)
DA:1,1
DA:2,1
DA:3,1
DA:7,1
DA:8,3
DA:9,3
DA:10,3
DA:13,3
DA:14,3
DA:15,1
DA:19,2
DA:20,2
DA:21,1
DA:25,1
DA:26,0
DA:29,1
DA:37,1
DA:39,0
DA:45,1
DA:46,0
DA:47,0
DA:54,0
DA:56,0
DA:62,1
DA:63,1
DA:64,1
DA:66,1
DA:67,0
DA:69,1
DA:70,0
DA:72,1
DA:73,0
DA:77,1
DA:78,1
DA:79,1
DA:82,1
DA:88,1
DA:93,0
DA:99,1
DA:100,0
DA:101,0
DA:102,0
DA:105,0
DA:109,0
DA:112,0
DA:113,0
DA:114,0
DA:116,0
DA:120,0
DA:122,0
DA:128,1
DA:129,0
DA:130,0
DA:132,0
DA:133,0
DA:136,0
DA:140,0
DA:143,0
DA:144,0
DA:145,0
DA:147,0
DA:149,0
DA:153,1
LF:63
LH:31
BRDA:14,0,0,1
BRDA:14,0,1,2
BRDA:14,1,0,3
BRDA:14,1,1,2
BRDA:20,2,0,1
BRDA:20,2,1,1
BRDA:20,3,0,2
BRDA:20,3,1,1
BRDA:25,4,0,0
BRDA:25,4,1,1
BRDA:25,5,0,1
BRDA:25,5,1,0
BRDA:34,6,0,1
BRDA:34,6,1,1
BRDA:66,7,0,0
BRDA:66,7,1,1
BRDA:69,8,0,0
BRDA:69,8,1,1
BRDA:72,9,0,0
BRDA:72,9,1,1
BRDA:102,10,0,0
BRDA:102,10,1,0
BRDA:105,11,0,0
BRDA:105,11,1,0
BRDA:106,12,0,0
BRDA:106,12,1,0
BRDA:114,13,0,0
BRDA:114,13,1,0
BRDA:133,14,0,0
BRDA:133,14,1,0
BRDA:136,15,0,0
BRDA:136,15,1,0
BRDA:137,16,0,0
BRDA:137,16,1,0
BRDA:144,17,0,0
BRDA:144,17,1,0
BRF:36
BRH:15
end_of_record
TN:
SF:controllers/authController.js
FN:5,(anonymous_0)
FN:10,(anonymous_1)
FN:56,(anonymous_2)
FN:94,(anonymous_3)
FNF:4
FNH:3
FNDA:4,(anonymous_0)
FNDA:2,(anonymous_1)
FNDA:4,(anonymous_2)
FNDA:0,(anonymous_3)
DA:1,1
DA:2,1
DA:5,1
DA:6,4
DA:10,1
DA:11,2
DA:12,2
DA:15,2
DA:16,0
DA:20,2
DA:21,2
DA:22,0
DA:26,2
DA:27,0
DA:30,2
DA:39,2
DA:50,0
DA:56,1
DA:57,4
DA:58,4
DA:60,4
DA:61,4
DA:62,1
DA:66,3
DA:67,0
DA:70,3
DA:71,3
DA:72,1
DA:75,2
DA:86,0
DA:94,1
DA:95,0
DA:98,1
LF:33
LH:26
BRDA:15,0,0,0
BRDA:15,0,1,2
BRDA:21,1,0,0
BRDA:21,1,1,2
BRDA:26,2,0,0
BRDA:26,2,1,2
BRDA:26,3,0,2
BRDA:26,3,1,1
BRDA:35,4,0,1
BRDA:35,4,1,1
BRDA:36,5,0,1
BRDA:36,5,1,1
BRDA:61,6,0,1
BRDA:61,6,1,3
BRDA:66,7,0,0
BRDA:66,7,1,3
BRDA:71,8,0,1
BRDA:71,8,1,2
BRF:18
BRH:14
end_of_record
TN:
SF:controllers/bookmarkController.js
FN:6,(anonymous_0)
FN:32,(anonymous_1)
FN:46,(anonymous_2)
FNF:3
FNH:3
FNDA:2,(anonymous_0)
FNDA:1,(anonymous_1)
FNDA:1,(anonymous_2)
DA:1,1
DA:2,1
DA:6,1
DA:7,2
DA:8,2
DA:9,2
DA:11,2
DA:15,2
DA:16,1
DA:19,1
DA:24,1
DA:26,0
DA:32,1
DA:33,1
DA:34,1
DA:38,1
DA:40,0
DA:46,1
DA:47,1
DA:48,1
DA:53,1
DA:55,1
DA:57,0
DA:61,1
LF:24
LH:21
BRDA:9,0,0,0
BRDA:9,0,1,2
BRDA:15,1,0,1
BRDA:15,1,1,1
BRDA:53,2,0,0
BRDA:53,2,1,1
BRF:6
BRH:4
end_of_record
TN:
SF:controllers/jobController.js
FN:5,(anonymous_0)
FN:30,(anonymous_1)
FN:68,(anonymous_2)
FN:84,(anonymous_3)
FN:95,(anonymous_4)
FN:119,(anonymous_5)
FNF:6
FNH:3
FNDA:2,(anonymous_0)
FNDA:3,(anonymous_1)
FNDA:3,(anonymous_2)
FNDA:0,(anonymous_3)
FNDA:0,(anonymous_4)
FNDA:0,(anonymous_5)
DA:1,1
DA:5,1
DA:6,2
DA:7,2
DA:9,2
DA:21,1
DA:23,1
DA:30,1
DA:31,3
DA:32,3
DA:34,3
DA:36,3
DA:37,3
DA:38,3
DA:39,1
DA:40,1
DA:41,1
DA:45,3
DA:46,0
DA:49,3
DA:54,3
DA:56,3
DA:60,2
DA:62,1
DA:68,1
DA:69,3
DA:70,3
DA:74,1
DA:76,1
DA:78,2
DA:84,1
DA:85,0
DA:86,0
DA:87,0
DA:89,0
DA:95,1
DA:96,0
DA:97,0
DA:98,0
DA:101,0
DA:102,0
DA:105,0
DA:111,0
DA:113,0
DA:119,1
DA:120,0
DA:121,0
DA:122,0
DA:124,0
DA:125,0
DA:128,0
DA:129,0
DA:131,0
DA:135,1
LF:54
LH:33
BRDA:17,0,0,2
BRDA:17,0,1,2
BRDA:18,1,0,2
BRDA:18,1,1,2
BRDA:36,2,0,1
BRDA:36,2,1,2
BRDA:37,3,0,0
BRDA:37,3,1,3
BRDA:38,4,0,1
BRDA:38,4,1,2
BRDA:38,5,0,3
BRDA:38,5,1,2
BRDA:40,6,0,1
BRDA:40,6,1,0
BRDA:41,7,0,1
BRDA:41,7,1,0
BRDA:45,8,0,0
BRDA:45,8,1,3
BRDA:54,9,0,3
BRDA:54,9,1,3
BRDA:74,10,0,0
BRDA:74,10,1,1
BRDA:98,11,0,0
BRDA:98,11,1,0
BRDA:101,12,0,0
BRDA:101,12,1,0
BRDA:101,13,0,0
BRDA:101,13,1,0
BRDA:122,14,0,0
BRDA:122,14,1,0
BRDA:124,15,0,0
BRDA:124,15,1,0
BRDA:124,16,0,0
BRDA:124,16,1,0
BRF:34
BRH:17
end_of_record
TN:
SF:middleware/auth.js
FN:5,(anonymous_0)
FN:35,(anonymous_1)
FN:36,(anonymous_2)
FNF:3
FNH:3
FNDA:17,(anonymous_0)
FNDA:13,(anonymous_1)
FNDA:15,(anonymous_2)
DA:1,1
DA:2,1
DA:5,1
DA:6,17
DA:8,17
DA:9,2
DA:12,15
DA:13,15
DA:14,15
DA:16,15
DA:17,15
DA:18,0
DA:22,15
DA:23,0
DA:26,15
DA:27,15
DA:29,0
DA:35,1
DA:36,13
DA:37,15
DA:38,3
DA:42,12
DA:46,1
LF:23
LH:20
BRDA:8,0,0,2
BRDA:8,0,1,15
BRDA:8,1,0,17
BRDA:8,1,1,15
BRDA:17,2,0,0
BRDA:17,2,1,15
BRDA:22,3,0,0
BRDA:22,3,1,15
BRDA:37,4,0,3
BRDA:37,4,1,12
BRF:10
BRH:8
end_of_record
TN:
SF:models/Application.js
FNF:0
FNH:0
DA:1,1
DA:3,1
DA:51,1
DA:52,1
DA:53,1
DA:54,1
DA:59,1
LF:7
LH:7
BRF:0
BRH:0
end_of_record
TN:
SF:models/Bookmark.js
FNF:0
FNH:0
DA:1,1
DA:3,1
DA:20,1
DA:21,1
DA:26,1
LF:5
LH:5
BRF:0
BRH:0
end_of_record
TN:
SF:models/Job.js
FNF:0
FNH:0
DA:1,1
DA:3,1
DA:16,1
DA:69,1
DA:70,1
DA:71,1
DA:72,1
DA:73,1
DA:74,1
DA:75,1
DA:76,1
DA:81,1
LF:12
LH:12
BRF:0
BRH:0
end_of_record
TN:
SF:models/User.js
FN:48,(anonymous_0)
FN:56,(anonymous_1)
FNF:2
FNH:2
FNDA:2,(anonymous_0)
FNDA:3,(anonymous_1)
DA:1,1
DA:2,1
DA:4,1
DA:43,1
DA:44,1
DA:45,1
DA:48,1
DA:49,2
DA:50,2
DA:51,2
DA:52,2
DA:56,1
DA:57,3
DA:60,1
LF:14
LH:14
BRDA:49,0,0,0
BRDA:49,0,1,2
BRF:2
BRH:1
end_of_record
TN:
SF:routes/admin.js
FNF:0
FNH:0
DA:1,1
DA:2,1
DA:10,1
DA:11,1
DA:13,1
DA:15,1
DA:16,1
DA:17,1
DA:18,1
DA:19,1
DA:20,1
DA:22,1
LF:12
LH:12
BRF:0
BRH:0
end_of_record
TN:
SF:routes/applications.js
FNF:0
FNH:0
DA:1,1
DA:2,1
DA:9,1
DA:10,1
DA:13,1
DA:14,1
DA:15,1
DA:18,1
DA:19,1
DA:21,1
LF:10
LH:10
BRF:0
BRH:0
end_of_record
TN:
SF:routes/auth.js
FNF:0
FNH:0
DA:1,1
DA:2,1
DA:3,1
DA:4,1
DA:6,1
DA:7,1
DA:8,1
DA:10,1
LF:8
LH:8
BRF:0
BRH:0
end_of_record
TN:
SF:routes/bookmarks.js
FNF:0
FNH:0
DA:1,1
DA:2,1
DA:3,1
DA:4,1
DA:6,1
DA:7,1
DA:8,1
DA:10,1
LF:8
LH:8
BRF:0
BRH:0
end_of_record
TN:
SF:routes/jobs.js
FNF:0
FNH:0
DA:1,1
DA:2,1
DA:10,1
DA:11,1
DA:14,1
DA:15,1
DA:18,1
DA:19,1
DA:20,1
DA:21,1
DA:23,1
LF:11
LH:11
BRF:0
BRH:0
end_of_record
